Virtual User Script started at: 20.04.2024 23:45:13
Starting action vuser_init.
Web Turbo Replay of LoadRunner 2021.0.0 for Windows 10; build 430 (янв 05 2021 19:27:22)  	[MsgId: MMSG-26983]
Run mode: HTML  	[MsgId: MMSG-26993]
Replay user agent: Mozilla/5.0 (Windows NT 10.0; Win64; x64) AppleWebKit/537.36 (KHTML, like Gecko) Chrome/124.0.0.0 Safari/537.36  	[MsgId: MMSG-26988]
Runtime Settings file: "C:\Users\22001\OneDrive\Рабочий стол\XSET\LR\UC_01_LoginLogout\\default.cfg"  	[MsgId: MMSG-27141]
Ending action vuser_init.
Running Vuser...
Starting iteration 1.
Maximum number of concurrent connections per server: 6  	[MsgId: MMSG-26989]
Starting action Action.
Action.c(4): Notify: Transaction "UC_01_LoginLogout" started.
Action.c(6): Notify: Transaction "UC01_01_HomePage" started.
Action.c(8): web_url("WebTours") started  	[MsgId: MMSG-26355]
Action.c(8): web_url("WebTours") was successful, 366 body bytes, 298 header bytes  	[MsgId: MMSG-26386]
Action.c(17): web_set_sockets_option started  	[MsgId: MMSG-26355]
Action.c(17): web_set_sockets_option was successful  	[MsgId: MMSG-26392]
Action.c(19): web_concurrent_start started  	[MsgId: MMSG-26355]
Action.c(19): web_concurrent_start was successful  	[MsgId: MMSG-26392]
Action.c(21): web_url("header.html") started  	[MsgId: MMSG-26355]
Action.c(21): Registering web_url("header.html") was successful  	[MsgId: MMSG-26390]
Action.c(30): web_url("welcome.pl") started  	[MsgId: MMSG-26355]
Action.c(30): Registering web_url("welcome.pl") was successful  	[MsgId: MMSG-26390]
Action.c(39): web_concurrent_end started  	[MsgId: MMSG-26355]
Action.c(39): web_concurrent_end was successful, 1396 body bytes, 625 header bytes, 12 chunking overhead bytes  	[MsgId: MMSG-26385]
Action.c(41): web_concurrent_start started  	[MsgId: MMSG-26355]
Action.c(41): web_concurrent_start was successful  	[MsgId: MMSG-26392]
Action.c(43): web_reg_find started  	[MsgId: MMSG-26355]
Action.c(43): Registering web_reg_find was successful  	[MsgId: MMSG-26390]
Action.c(46): web_url("home.html") started  	[MsgId: MMSG-26355]
Action.c(46): Registering web_url("home.html") was successful  	[MsgId: MMSG-26390]
Action.c(56): web_reg_save_param_attrib started  	[MsgId: MMSG-26355]
Action.c(56): Registering web_reg_save_param_attrib was successful  	[MsgId: MMSG-26390]
Action.c(66): web_url("nav.pl") started  	[MsgId: MMSG-26355]
Action.c(66): Registering web_url("nav.pl") was successful  	[MsgId: MMSG-26390]
Action.c(75): Notify: Transaction "UC01_01_HomePage" ended with a "Pass" status (Duration: 0,4429 Wasted Time: 0,1576).
Action.c(77): web_concurrent_end started  	[MsgId: MMSG-26355]
Action.c(77): Registered web_reg_find successful for "Text=Welcome to the Web Tours site." (count=1)  	[MsgId: MMSG-26364]
Action.c(77): web_concurrent_end was successful, 2850 body bytes, 553 header bytes, 12 chunking overhead bytes  	[MsgId: MMSG-26385]
Action.c(81): Notify: Transaction "UC01_02_Login" started.
Action.c(83): web_reg_find started  	[MsgId: MMSG-26355]
Action.c(83): Registering web_reg_find was successful  	[MsgId: MMSG-26390]
Action.c(87): web_submit_data("login.pl") started  	[MsgId: MMSG-26355]
Action.c(87): Registered web_reg_find successful for "Text=User password was correct" (count=1)  	[MsgId: MMSG-26364]
Action.c(87): web_submit_data("login.pl") was successful, 481 body bytes, 358 header bytes, 12 chunking overhead bytes  	[MsgId: MMSG-26385]
Action.c(103): web_concurrent_start started  	[MsgId: MMSG-26355]
Action.c(103): web_concurrent_start was successful  	[MsgId: MMSG-26392]
Action.c(105): web_url("nav.pl_2") started  	[MsgId: MMSG-26355]
Action.c(105): Registering web_url("nav.pl_2") was successful  	[MsgId: MMSG-26390]
Action.c(114): web_url("login.pl_2") started  	[MsgId: MMSG-26355]
Action.c(114): Registering web_url("login.pl_2") was successful  	[MsgId: MMSG-26390]
Action.c(123): Notify: Transaction "UC01_02_Login" ended with a "Pass" status (Duration: 0,1743 Wasted Time: 0,0075).
Action.c(125): web_concurrent_end started  	[MsgId: MMSG-26355]
Action.c(125): web_concurrent_end was successful, 2400 body bytes, 483 header bytes, 24 chunking overhead bytes  	[MsgId: MMSG-26385]
Action.c(129): Notify: Transaction "UC01_03_Logout" started.
Action.c(131): web_reg_find started  	[MsgId: MMSG-26355]
Action.c(131): Registering web_reg_find was successful  	[MsgId: MMSG-26390]
Action.c(134): web_url("welcome.pl_2") started  	[MsgId: MMSG-26355]
Action.c(134): Registered web_reg_find successful for "Text=The server options can be set via the Admin page" (count=1)  	[MsgId: MMSG-26364]
Action.c(134): web_url("welcome.pl_2") was successful, 686 body bytes, 327 header bytes, 12 chunking overhead bytes  	[MsgId: MMSG-26385]
Action.c(143): web_concurrent_start started  	[MsgId: MMSG-26355]
Action.c(143): web_concurrent_start was successful  	[MsgId: MMSG-26392]
Action.c(145): web_url("nav.pl_3") started  	[MsgId: MMSG-26355]
Action.c(145): Registering web_url("nav.pl_3") was successful  	[MsgId: MMSG-26390]
Action.c(154): web_url("home.html_2") started  	[MsgId: MMSG-26355]
Action.c(154): Retrieving data from cache for "http://localhost:1080/WebTours/home.html"  	[MsgId: MMSG-26558]
Action.c(154): Registering web_url("home.html_2") was successful  	[MsgId: MMSG-26390]
Action.c(162): Notify: Transaction "UC01_03_Logout" ended with a "Pass" status (Duration: 0,1881 Wasted Time: 0,0053).
Action.c(164): web_concurrent_end started  	[MsgId: MMSG-26355]
Action.c(164): web_concurrent_end was successful, 1489 body bytes, 255 header bytes, 12 chunking overhead bytes  	[MsgId: MMSG-26385]
Action.c(168): Notify: Transaction "UC_01_LoginLogout" ended with a "Pass" status (Duration: 1,2159 Wasted Time: 0,1957).
Ending action Action.
Ending iteration 1.
Ending Vuser...
Starting action vuser_end.
Ending action vuser_end.
Vuser Terminated.
