Virtual User Script started at: 20.04.2024 23:45:36
Starting action vuser_init.
Web Turbo Replay of LoadRunner 2021.0.0 for Windows 10; build 430 (янв 05 2021 19:27:22)  	[MsgId: MMSG-26983]
Run mode: HTML  	[MsgId: MMSG-26993]
Replay user agent: Mozilla/5.0 (Windows NT 10.0; Win64; x64) AppleWebKit/537.36 (KHTML, like Gecko) Chrome/124.0.0.0 Safari/537.36  	[MsgId: MMSG-26988]
Runtime Settings file: "C:\Users\22001\OneDrive\Рабочий стол\XSET\LR\UC_03_BuyTicket\\default.cfg"  	[MsgId: MMSG-27141]
Ending action vuser_init.
Running Vuser...
Starting iteration 1.
Maximum number of concurrent connections per server: 6  	[MsgId: MMSG-26989]
Starting action Action.
Action.c(4): Notify: Transaction "UC_03_BuyTicket" started.
Action.c(6): Notify: Transaction "UC03_01_HomePage" started.
Action.c(8): web_url("WebTours") started  	[MsgId: MMSG-26355]
Action.c(8): web_url("WebTours") was successful, 366 body bytes, 298 header bytes  	[MsgId: MMSG-26386]
Action.c(17): web_set_sockets_option started  	[MsgId: MMSG-26355]
Action.c(17): web_set_sockets_option was successful  	[MsgId: MMSG-26392]
Action.c(19): web_concurrent_start started  	[MsgId: MMSG-26355]
Action.c(19): web_concurrent_start was successful  	[MsgId: MMSG-26392]
Action.c(21): web_url("header.html") started  	[MsgId: MMSG-26355]
Action.c(21): Registering web_url("header.html") was successful  	[MsgId: MMSG-26390]
Action.c(30): web_url("welcome.pl") started  	[MsgId: MMSG-26355]
Action.c(30): Registering web_url("welcome.pl") was successful  	[MsgId: MMSG-26390]
Action.c(39): web_concurrent_end started  	[MsgId: MMSG-26355]
Action.c(39): web_concurrent_end was successful, 1396 body bytes, 625 header bytes, 12 chunking overhead bytes  	[MsgId: MMSG-26385]
Action.c(41): web_concurrent_start started  	[MsgId: MMSG-26355]
Action.c(41): web_concurrent_start was successful  	[MsgId: MMSG-26392]
Action.c(43): web_reg_find started  	[MsgId: MMSG-26355]
Action.c(43): Registering web_reg_find was successful  	[MsgId: MMSG-26390]
Action.c(46): web_url("home.html") started  	[MsgId: MMSG-26355]
Action.c(46): Registering web_url("home.html") was successful  	[MsgId: MMSG-26390]
Action.c(56): web_reg_save_param_attrib started  	[MsgId: MMSG-26355]
Action.c(56): Registering web_reg_save_param_attrib was successful  	[MsgId: MMSG-26390]
Action.c(66): web_url("nav.pl") started  	[MsgId: MMSG-26355]
Action.c(66): Registering web_url("nav.pl") was successful  	[MsgId: MMSG-26390]
Action.c(75): web_concurrent_end started  	[MsgId: MMSG-26355]
Action.c(75): Registered web_reg_find successful for "Text=Welcome to the Web Tours site." (count=1)  	[MsgId: MMSG-26364]
Action.c(75): web_concurrent_end was successful, 2842 body bytes, 553 header bytes, 12 chunking overhead bytes  	[MsgId: MMSG-26385]
Action.c(77): Notify: Transaction "UC03_01_HomePage" ended with a "Pass" status (Duration: 0,5404 Wasted Time: 0,1895).
Action.c(81): Notify: Transaction "UC03_02_Login" started.
Action.c(83): web_reg_find started  	[MsgId: MMSG-26355]
Action.c(83): Registering web_reg_find was successful  	[MsgId: MMSG-26390]
Action.c(87): web_submit_data("login.pl") started  	[MsgId: MMSG-26355]
Action.c(87): Registered web_reg_find successful for "Text=User password was not correct."  	[MsgId: MMSG-26362]
Action.c(87): web_submit_data("login.pl") was successful, 456 body bytes, 228 header bytes, 12 chunking overhead bytes  	[MsgId: MMSG-26385]
Action.c(103): web_concurrent_start started  	[MsgId: MMSG-26355]
Action.c(103): web_concurrent_start was successful  	[MsgId: MMSG-26392]
Action.c(105): web_url("nav.pl_2") started  	[MsgId: MMSG-26355]
Action.c(105): Registering web_url("nav.pl_2") was successful  	[MsgId: MMSG-26390]
Action.c(114): web_url("login.pl_2") started  	[MsgId: MMSG-26355]
Action.c(114): Registering web_url("login.pl_2") was successful  	[MsgId: MMSG-26390]
Action.c(123): Notify: Transaction "UC03_02_Login" ended with a "Pass" status (Duration: 0,1974 Wasted Time: 0,0048).
Action.c(125): web_concurrent_end started  	[MsgId: MMSG-26355]
Action.c(125): web_concurrent_end was successful, 2396 body bytes, 483 header bytes, 24 chunking overhead bytes  	[MsgId: MMSG-26385]
Action.c(129): Notify: Transaction "UC03_03_TicketSearch" started.
Action.c(131): web_reg_find started  	[MsgId: MMSG-26355]
Action.c(131): Registering web_reg_find was successful  	[MsgId: MMSG-26390]
Action.c(134): web_url("welcome.pl_2") started  	[MsgId: MMSG-26355]
Action.c(134): Registered web_reg_find successful for "Text=User has returned to the search page" (count=1)  	[MsgId: MMSG-26364]
Action.c(134): web_url("welcome.pl_2") was successful, 616 body bytes, 215 header bytes, 12 chunking overhead bytes  	[MsgId: MMSG-26385]
Action.c(143): web_concurrent_start started  	[MsgId: MMSG-26355]
Action.c(143): web_concurrent_start was successful  	[MsgId: MMSG-26392]
Action.c(145): web_url("nav.pl_3") started  	[MsgId: MMSG-26355]
Action.c(145): Registering web_url("nav.pl_3") was successful  	[MsgId: MMSG-26390]
Action.c(155): web_reg_save_param_attrib started  	[MsgId: MMSG-26355]
Action.c(155): Registering web_reg_save_param_attrib was successful  	[MsgId: MMSG-26390]
Action.c(165): web_reg_save_param_attrib started  	[MsgId: MMSG-26355]
Action.c(165): Registering web_reg_save_param_attrib was successful  	[MsgId: MMSG-26390]
Action.c(175): web_reg_save_param_attrib started  	[MsgId: MMSG-26355]
Action.c(175): Registering web_reg_save_param_attrib was successful  	[MsgId: MMSG-26390]
Action.c(184): web_url("reservations.pl") started  	[MsgId: MMSG-26355]
Action.c(184): Registering web_url("reservations.pl") was successful  	[MsgId: MMSG-26390]
Action.c(193): Notify: Transaction "UC03_03_TicketSearch" ended with a "Pass" status (Duration: 0,2279 Wasted Time: 0,0113).
Action.c(195): web_concurrent_end started  	[MsgId: MMSG-26355]
Action.c(195): web_concurrent_end was successful, 5725 body bytes, 510 header bytes, 31 chunking overhead bytes  	[MsgId: MMSG-26385]
Action.c(199): Notify: Transaction "UC03_04_DateEntry" started.
Action.c(201): web_reg_find started  	[MsgId: MMSG-26355]
Action.c(201): Registering web_reg_find was successful  	[MsgId: MMSG-26390]
Action.c(204): web_submit_data("reservations.pl_2") started  	[MsgId: MMSG-26355]
Action.c(204): Registered web_reg_find successful for "Text=Find Flight" (count=1)  	[MsgId: MMSG-26364]
Action.c(204): web_submit_data("reservations.pl_2") was successful, 717 body bytes, 255 header bytes, 12 chunking overhead bytes  	[MsgId: MMSG-26385]
Action.c(227): Notify: Transaction "UC03_04_DateEntry" ended with a "Pass" status (Duration: 0,1218 Wasted Time: 0,0058).
Action.c(231): Notify: Transaction "UC03_05_Timing" started.
Action.c(233): web_reg_find started  	[MsgId: MMSG-26355]
Action.c(233): Registering web_reg_find was successful  	[MsgId: MMSG-26390]
Action.c(236): web_submit_data("reservations.pl_3") started  	[MsgId: MMSG-26355]
Action.c(236): Registered web_reg_find successful for "Text=Payment Details" (count=1)  	[MsgId: MMSG-26364]
Action.c(236): web_submit_data("reservations.pl_3") was successful, 2679 body bytes, 255 header bytes, 12 chunking overhead bytes  	[MsgId: MMSG-26385]
Action.c(253): Notify: Transaction "UC03_05_Timing" ended with a "Pass" status (Duration: 0,1230 Wasted Time: 0,0065).
Action.c(257): Notify: Transaction "UC03_06_BuyTicket" started.
Action.c(259): web_reg_find started  	[MsgId: MMSG-26355]
Action.c(259): Registering web_reg_find was successful  	[MsgId: MMSG-26390]
Action.c(262): web_submit_data("reservations.pl_4") started  	[MsgId: MMSG-26355]
Action.c(262): Registered web_reg_find successful for "Text=Reservation Made!" (count=1)  	[MsgId: MMSG-26364]
Action.c(262): web_submit_data("reservations.pl_4") was successful, 2469 body bytes, 288 header bytes, 12 chunking overhead bytes  	[MsgId: MMSG-26385]
Action.c(290): Notify: Transaction "UC03_06_BuyTicket" ended with a "Pass" status (Duration: 0,1273 Wasted Time: 0,0066).
Action.c(294): web_remove_auto_header("Origin") started  	[MsgId: MMSG-26355]
Action.c(294): Warning -26590: web_remove/revert_auto_header for "Origin" had no effect  	[MsgId: MWAR-26590]
Action.c(294): web_remove/revert_auto_header("Origin") highest severity level was "warning"  	[MsgId: MMSG-26391]
Action.c(298): Notify: Transaction "UC03_07_Logout" started.
Action.c(300): web_reg_find started  	[MsgId: MMSG-26355]
Action.c(300): Registering web_reg_find was successful  	[MsgId: MMSG-26390]
Action.c(303): web_url("welcome.pl_2") started  	[MsgId: MMSG-26355]
Action.c(303): Registered web_reg_find successful for "Text=The server options can be set via the Admin page" (count=1)  	[MsgId: MMSG-26364]
Action.c(303): web_url("welcome.pl_2") was successful, 686 body bytes, 327 header bytes, 12 chunking overhead bytes  	[MsgId: MMSG-26385]
Action.c(312): web_concurrent_start started  	[MsgId: MMSG-26355]
Action.c(312): web_concurrent_start was successful  	[MsgId: MMSG-26392]
Action.c(314): web_url("nav.pl_3") started  	[MsgId: MMSG-26355]
Action.c(314): Registering web_url("nav.pl_3") was successful  	[MsgId: MMSG-26390]
Action.c(323): web_url("home.html_2") started  	[MsgId: MMSG-26355]
Action.c(323): Retrieving data from cache for "http://localhost:1080/WebTours/home.html"  	[MsgId: MMSG-26558]
Action.c(323): Registering web_url("home.html_2") was successful  	[MsgId: MMSG-26390]
Action.c(331): Notify: Transaction "UC03_07_Logout" ended with a "Pass" status (Duration: 0,1544 Wasted Time: 0,0059).
Action.c(333): web_concurrent_end started  	[MsgId: MMSG-26355]
Action.c(333): web_concurrent_end was successful, 1489 body bytes, 255 header bytes, 12 chunking overhead bytes  	[MsgId: MMSG-26385]
Action.c(337): Notify: Transaction "UC_03_BuyTicket" ended with a "Pass" status (Duration: 2,0862 Wasted Time: 0,2568).
Ending action Action.
Ending iteration 1.
Ending Vuser...
Starting action vuser_end.
Ending action vuser_end.
Vuser Terminated.
